# JRE version: OpenJDK Runtime Environment Temurin-17.0.18+8 (17.0.18+8) (build 17.0.18+8)
# Java VM: OpenJDK 64-Bit Server VM Temurin-17.0.18+8 (17.0.18+8, mixed mode, sharing, tiered, compressed oops, compressed class ptrs, g1 gc, windows-amd64)
GC Precious Log:
 CPUs: 16 total, 16 available
 Memory: 24501M
 Large Page Support: Disabled
 NUMA Support: Disabled
 Compressed Oops: Enabled (Zero based)
 Heap Region Size: 4M
 Heap Min Capacity: 8M
 Heap Initial Capacity: 384M
 Heap Max Capacity: 6128M
 Pre-touch: Disabled
 Parallel Workers: 13
 Concurrent Workers: 3
 Concurrent Refinement Workers: 13
 Periodic GC: Disabled
Heap:
 garbage-first heap   total 712704K, used 300955K [0x0000000681000000, 0x0000000800000000)
  region size 4096K, 7 young (28672K), 1 survivors (4096K)
 Metaspace       used 38385K, committed 38784K, reserved 1114112K
  class space    used 4174K, committed 4352K, reserved 1048576K
GC Heap History (20 events):
Event: 75.264 GC heap before
{Heap before GC invocations=72 (full 3):
 garbage-first heap   total 712704K, used 580576K [0x0000000681000000, 0x0000000800000000)
  region size 4096K, 74 young (303104K), 7 survivors (28672K)
 Metaspace       used 38365K, committed 38656K, reserved 1114112K
  class space    used 4173K, committed 4352K, reserved 1048576K
}
Event: 75.269 GC heap after
{Heap after GC invocations=73 (full 3):
 garbage-first heap   total 712704K, used 311716K [0x0000000681000000, 0x0000000800000000)
  region size 4096K, 6 young (24576K), 6 survivors (24576K)
 Metaspace       used 38365K, committed 38656K, reserved 1114112K
  class space    used 4173K, committed 4352K, reserved 1048576K
}
Event: 76.172 GC heap before
{Heap before GC invocations=73 (full 3):
 garbage-first heap   total 712704K, used 590244K [0x0000000681000000, 0x0000000800000000)
  region size 4096K, 74 young (303104K), 6 survivors (24576K)
 Metaspace       used 38365K, committed 38656K, reserved 1114112K
  class space    used 4173K, committed 4352K, reserved 1048576K
}
Event: 76.176 GC heap after
{Heap after GC invocations=74 (full 3):
 garbage-first heap   total 712704K, used 312809K [0x0000000681000000, 0x0000000800000000)
  region size 4096K, 6 young (24576K), 6 survivors (24576K)
 Metaspace       used 38365K, committed 38656K, reserved 1114112K
  class space    used 4173K, committed 4352K, reserved 1048576K
}
Event: 76.845 GC heap before
{Heap before GC invocations=74 (full 3):
 garbage-first heap   total 712704K, used 591337K [0x0000000681000000, 0x0000000800000000)
  region size 4096K, 74 young (303104K), 6 survivors (24576K)
 Metaspace       used 38367K, committed 38720K, reserved 1114112K
  class space    used 4173K, committed 4352K, reserved 1048576K
}
Event: 76.850 GC heap after
{Heap after GC invocations=75 (full 3):
 garbage-first heap   total 712704K, used 314028K [0x0000000681000000, 0x0000000800000000)
  region size 4096K, 6 young (24576K), 6 survivors (24576K)
 Metaspace       used 38367K, committed 38720K, reserved 1114112K
  class space    used 4173K, committed 4352K, reserved 1048576K
}
Event: 77.618 GC heap before
{Heap before GC invocations=75 (full 3):
 garbage-first heap   total 712704K, used 551596K [0x0000000681000000, 0x0000000800000000)
  region size 4096K, 65 young (266240K), 6 survivors (24576K)
 Metaspace       used 38367K, committed 38720K, reserved 1114112K
  class space    used 4173K, committed 4352K, reserved 1048576K
}
Event: 77.622 GC heap after
{Heap after GC invocations=76 (full 3):
 garbage-first heap   total 712704K, used 313696K [0x0000000681000000, 0x0000000800000000)
  region size 4096K, 5 young (20480K), 5 survivors (20480K)
 Metaspace       used 38367K, committed 38720K, reserved 1114112K
  class space    used 4173K, committed 4352K, reserved 1048576K
}
Event: 78.711 GC heap before
{Heap before GC invocations=76 (full 3):
 garbage-first heap   total 712704K, used 616800K [0x0000000681000000, 0x0000000800000000)
  region size 4096K, 74 young (303104K), 5 survivors (20480K)
 Metaspace       used 38367K, committed 38720K, reserved 1114112K
  class space    used 4173K, committed 4352K, reserved 1048576K
}
Event: 78.714 GC heap after
{Heap after GC invocations=77 (full 3):
 garbage-first heap   total 712704K, used 312503K [0x0000000681000000, 0x0000000800000000)
  region size 4096K, 5 young (20480K), 5 survivors (20480K)
 Metaspace       used 38367K, committed 38720K, reserved 1114112K
  class space    used 4173K, committed 4352K, reserved 1048576K
}
Event: 79.657 GC heap before
{Heap before GC invocations=77 (full 3):
 garbage-first heap   total 712704K, used 595127K [0x0000000681000000, 0x0000000800000000)
  region size 4096K, 74 young (303104K), 5 survivors (20480K)
 Metaspace       used 38370K, committed 38720K, reserved 1114112K
  class space    used 4173K, committed 4352K, reserved 1048576K
}
Event: 79.665 GC heap after
{Heap after GC invocations=78 (full 3):
 garbage-first heap   total 712704K, used 336583K [0x0000000681000000, 0x0000000800000000)
  region size 4096K, 10 young (40960K), 10 survivors (40960K)
 Metaspace       used 38370K, committed 38720K, reserved 1114112K
  class space    used 4173K, committed 4352K, reserved 1048576K
}
Event: 80.731 GC heap before
{Heap before GC invocations=78 (full 3):
 garbage-first heap   total 712704K, used 578247K [0x0000000681000000, 0x0000000800000000)
  region size 4096K, 69 young (282624K), 10 survivors (40960K)
 Metaspace       used 38370K, committed 38720K, reserved 1114112K
  class space    used 4173K, committed 4352K, reserved 1048576K
}
Event: 80.737 GC heap after
{Heap after GC invocations=79 (full 3):
 garbage-first heap   total 712704K, used 338499K [0x0000000681000000, 0x0000000800000000)
  region size 4096K, 2 young (8192K), 2 survivors (8192K)
 Metaspace       used 38370K, committed 38720K, reserved 1114112K
  class space    used 4173K, committed 4352K, reserved 1048576K
}
Event: 84.772 GC heap before
{Heap before GC invocations=79 (full 3):
 garbage-first heap   total 712704K, used 576067K [0x0000000681000000, 0x0000000800000000)
  region size 4096K, 61 young (249856K), 2 survivors (8192K)
 Metaspace       used 38370K, committed 38720K, reserved 1114112K
  class space    used 4173K, committed 4352K, reserved 1048576K
}
Event: 84.776 GC heap after
{Heap after GC invocations=80 (full 3):
 garbage-first heap   total 712704K, used 338148K [0x0000000681000000, 0x0000000800000000)
  region size 4096K, 2 young (8192K), 2 survivors (8192K)
 Metaspace       used 38370K, committed 38720K, reserved 1114112K
  class space    used 4173K, committed 4352K, reserved 1048576K
}
Event: 89.539 GC heap before
{Heap before GC invocations=81 (full 3):
 garbage-first heap   total 712704K, used 575045K [0x0000000681000000, 0x0000000800000000)
  region size 4096K, 62 young (253952K), 2 survivors (8192K)
 Metaspace       used 38374K, committed 38720K, reserved 1114112K
  class space    used 4173K, committed 4352K, reserved 1048576K
}
Event: 89.544 GC heap after
{Heap after GC invocations=82 (full 3):
 garbage-first heap   total 712704K, used 337224K [0x0000000681000000, 0x0000000800000000)
  region size 4096K, 4 young (16384K), 4 survivors (16384K)
 Metaspace       used 38374K, committed 38720K, reserved 1114112K
  class space    used 4173K, committed 4352K, reserved 1048576K
}
Event: 90.693 GC heap before
{Heap before GC invocations=82 (full 3):
 garbage-first heap   total 712704K, used 353608K [0x0000000681000000, 0x0000000800000000)
  region size 4096K, 8 young (32768K), 4 survivors (16384K)
 Metaspace       used 38374K, committed 38720K, reserved 1114112K
  class space    used 4173K, committed 4352K, reserved 1048576K
}
Event: 90.704 GC heap after
{Heap after GC invocations=83 (full 3):
 garbage-first heap   total 712704K, used 284571K [0x0000000681000000, 0x0000000800000000)
  region size 4096K, 1 young (4096K), 1 survivors (4096K)
 Metaspace       used 38374K, committed 38720K, reserved 1114112K
  class space    used 4173K, committed 4352K, reserved 1048576K
}

